0 info it worked if it ends with ok
1 verbose cli [ '/Applications/meanstack-3.2.6-2/nodejs/bin/.node.bin',
1 verbose cli   '/Applications/meanstack-3.2.6-2/nodejs/bin/npm',
1 verbose cli   'install',
1 verbose cli   '-g',
1 verbose cli   'client' ]
2 info using npm@3.8.6
3 info using node@v6.0.0
4 silly loadCurrentTree Starting
5 silly install loadCurrentTree
6 silly install readGlobalPackageData
7 silly fetchPackageMetaData client
8 silly fetchOtherPackageData client
9 silly cache add args [ 'client', null ]
10 verbose cache add spec client
11 silly cache add parsed spec Result {
11 silly cache add   raw: 'client',
11 silly cache add   scope: null,
11 silly cache add   name: null,
11 silly cache add   rawSpec: 'client',
11 silly cache add   spec: '/Users/Fortiz/Developments/in_progress/rabbitmq/rabbitmq-chat/bin/client',
11 silly cache add   type: 'local' }
12 silly addLocalTarball shasum (computed) aae00a29381fb1376a9f95ba563ef50f8094a09c
13 verbose addTmpTarball /Users/Fortiz/Developments/in_progress/rabbitmq/rabbitmq-chat/bin/client not in flight; adding
14 verbose correctMkdir /Users/Fortiz/.npm correctMkdir not in flight; initializing
15 verbose addTmpTarball validating metadata from /Users/Fortiz/Developments/in_progress/rabbitmq/rabbitmq-chat/bin/client
16 verbose tar unpack /Users/Fortiz/Developments/in_progress/rabbitmq/rabbitmq-chat/bin/client
17 verbose tar unpacking to /var/folders/5s/9_3vhh9n3d9_tn8xx00441nm0000gn/T/npm-12356-71f02fb5/unpack-8e49b8af
18 silly gentlyRm /var/folders/5s/9_3vhh9n3d9_tn8xx00441nm0000gn/T/npm-12356-71f02fb5/unpack-8e49b8af is being purged
19 verbose gentlyRm don't care about contents; nuking /var/folders/5s/9_3vhh9n3d9_tn8xx00441nm0000gn/T/npm-12356-71f02fb5/unpack-8e49b8af
20 silly gunzTarPerm modes [ '755', '644' ]
21 error not a package /Users/Fortiz/Developments/in_progress/rabbitmq/rabbitmq-chat/bin/client
22 error addLocal Could not install /Users/Fortiz/Developments/in_progress/rabbitmq/rabbitmq-chat/bin/client
23 silly fetchPackageMetaData Error: ENOENT: no such file or directory, open '/var/folders/5s/9_3vhh9n3d9_tn8xx00441nm0000gn/T/npm-12356-71f02fb5/unpack-8e49b8af/package.json'
23 silly fetchPackageMetaData     at Error (native)
23 silly fetchPackageMetaData  error for client { Error: ENOENT: no such file or directory, open '/var/folders/5s/9_3vhh9n3d9_tn8xx00441nm0000gn/T/npm-12356-71f02fb5/unpack-8e49b8af/package.json'
23 silly fetchPackageMetaData     at Error (native)
23 silly fetchPackageMetaData   errno: -2,
23 silly fetchPackageMetaData   code: 'ENOENT',
23 silly fetchPackageMetaData   syscall: 'open',
23 silly fetchPackageMetaData   path: '/var/folders/5s/9_3vhh9n3d9_tn8xx00441nm0000gn/T/npm-12356-71f02fb5/unpack-8e49b8af/package.json' }
24 silly rollbackFailedOptional Starting
25 silly rollbackFailedOptional Finishing
26 silly runTopLevelLifecycles Starting
27 silly runTopLevelLifecycles Finishing
28 silly install printInstalled
29 verbose stack Error: ENOENT: no such file or directory, open '/var/folders/5s/9_3vhh9n3d9_tn8xx00441nm0000gn/T/npm-12356-71f02fb5/unpack-8e49b8af/package.json'
29 verbose stack     at Error (native)
30 verbose cwd /Users/Fortiz/Developments/in_progress/rabbitmq/rabbitmq-chat/bin
31 error Darwin 15.4.0
32 error argv "/Applications/meanstack-3.2.6-2/nodejs/bin/.node.bin" "/Applications/meanstack-3.2.6-2/nodejs/bin/npm" "install" "-g" "client"
33 error node v6.0.0
34 error npm  v3.8.6
35 error path /var/folders/5s/9_3vhh9n3d9_tn8xx00441nm0000gn/T/npm-12356-71f02fb5/unpack-8e49b8af/package.json
36 error code ENOENT
37 error errno -2
38 error syscall open
39 error enoent ENOENT: no such file or directory, open '/var/folders/5s/9_3vhh9n3d9_tn8xx00441nm0000gn/T/npm-12356-71f02fb5/unpack-8e49b8af/package.json'
40 error enoent ENOENT: no such file or directory, open '/var/folders/5s/9_3vhh9n3d9_tn8xx00441nm0000gn/T/npm-12356-71f02fb5/unpack-8e49b8af/package.json'
40 error enoent This is most likely not a problem with npm itself
40 error enoent and is related to npm not being able to find a file.
41 verbose exit [ -2, true ]
